START-OF-LOG: 3.0
LOCATION: AK
CALLSIGN: WL7BDO
CLUB: None
CONTEST: ARRL-SS-SSB
CATEGORY-OPERATOR: SINGLE-OP
CATEGORY-ASSISTED: ASSISTED
CATEGORY-BAND: ALL
CATEGORY-MODE: SSB
CATEGORY-POWER: LOW
CATEGORY-STATION: FIXED
CATEGORY-TRANSMITTER: ONE
CLAIMED-SCORE: 48032
OPERATORS: WL7BDO
OFFTIME:
SOAPBOX: Single Operator Unlimited Low Power
NAME: Carl Horn
ADDRESS: 707 Market St.
ADDRESS: PO Box 69
ADDRESS-CITY: Nenana
ADDRESS-STATE-PROVINCE: AK
ADDRESS-POSTALCODE: 99760
ADDRESS-COUNTRY: USA-Alaska
CREATED-BY: N1MM Logger V13.9.1
QSO: 28540 PH 2013-11-16 2103 WL7BDO     0001 U 74 AK  K1ZO       0005 U 91 NH
QSO: 28585 PH 2013-11-16 2106 WL7BDO     0002 U 74 AK  N7SG       0003 A 97 OR
QSO: 28585 PH 2013-11-16 2107 WL7BDO     0003 U 74 AK  W3PP       0005 A 10 DE
QSO: 28585 PH 2013-11-16 2107 WL7BDO     0004 U 74 AK  W1OP       0002 A 19 RI
QSO: 28585 PH 2013-11-16 2108 WL7BDO     0005 U 74 AK  K4BNC      0004 B 58 NNJ
QSO: 28585 PH 2013-11-16 2110 WL7BDO     0006 U 74 AK  WA0DGW     0001 B 62 MN
QSO: 28585 PH 2013-11-16 2110 WL7BDO     0007 U 74 AK  KB3CWQ     0004 A 08 MDC
QSO: 28585 PH 2013-11-16 2111 WL7BDO     0008 U 74 AK  W0PAN      0003 A 53 AZ
QSO: 28585 PH 2013-11-16 2112 WL7BDO     0009 U 74 AK  K9KMD      0001 A 75 IL
QSO: 28585 PH 2013-11-16 2112 WL7BDO     0010 U 74 AK  ND0C       0012 Q 68 MN
QSO: 28585 PH 2013-11-16 2113 WL7BDO     0011 U 74 AK  K0PC       0009 U 69 MN
QSO: 28585 PH 2013-11-16 2114 WL7BDO     0012 U 74 AK  KB3WEY     0002 A 02 MDC
QSO: 28585 PH 2013-11-16 2115 WL7BDO     0013 U 74 AK  N8NTG      0009 U 86 MDC
QSO: 28585 PH 2013-11-16 2115 WL7BDO     0014 U 74 AK  W5ASP      0003 B 60 STX
QSO: 28585 PH 2013-11-16 2116 WL7BDO     0015 U 74 AK  W3GLL      0004 B 10 NFL
QSO: 28585 PH 2013-11-16 2116 WL7BDO     0016 U 74 AK  W5GFI      0016 A 63 OK
QSO: 28585 PH 2013-11-16 2117 WL7BDO     0017 U 74 AK  NW2K       0015 M 40 WNY
QSO: 28585 PH 2013-11-16 2117 WL7BDO     0018 U 74 AK  N1MD       0003 U 93 CT
QSO: 28585 PH 2013-11-16 2118 WL7BDO     0019 U 74 AK  NS6V       0003 A 72 SB
QSO: 28585 PH 2013-11-16 2119 WL7BDO     0020 U 74 AK  W1KBN      0008 S 37 EMA
QSO: 28585 PH 2013-11-16 2119 WL7BDO     0021 U 74 AK  W4TTY      0003 U 77 VA
QSO: 28585 PH 2013-11-16 2120 WL7BDO     0022 U 74 AK  KV8S       0005 A 78 WV
QSO: 28585 PH 2013-11-16 2120 WL7BDO     0023 U 74 AK  WA7PVE     0010 Q 70 WWA
QSO: 28585 PH 2013-11-16 2121 WL7BDO     0024 U 74 AK  W4MY       0012 U 76 NC
QSO: 28585 PH 2013-11-16 2122 WL7BDO     0025 U 74 AK  AA2FD      0007 A 84 VA
QSO: 28585 PH 2013-11-16 2123 WL7BDO     0026 U 74 AK  K4GMH      0005 U 53 VA
QSO: 28585 PH 2013-11-16 2124 WL7BDO     0027 U 74 AK  K3SI       0009 A 66 EPA
QSO: 28576 PH 2013-11-16 2126 WL7BDO     0028 U 74 AK  WA7LT      0027 M 48 EWA
QSO: 28572 PH 2013-11-16 2127 WL7BDO     0029 U 74 AK  N9NUQ      0024 A 92 IL
QSO: 28555 PH 2013-11-16 2129 WL7BDO     0030 U 74 AK  NT5V       0031 A 69 NTX
QSO: 28551 PH 2013-11-16 2130 WL7BDO     0031 U 74 AK  VA7AAA     0050 B 63 BC
QSO: 28545 PH 2013-11-16 2132 WL7BDO     0032 U 74 AK  VE3CX      0055 U 74 ONN
QSO: 28534 PH 2013-11-16 2134 WL7BDO     0033 U 74 AK  N3RR       0042 U 62 MDC
QSO: 28523 PH 2013-11-16 2135 WL7BDO     0034 U 74 AK  W7ZR       0059 B 54 AZ
QSO: 28503 PH 2013-11-16 2138 WL7BDO     0035 U 74 AK  N0XR       0044 U 87 IA
QSO: 28499 PH 2013-11-16 2139 WL7BDO     0036 U 74 AK  K9MU       0047 A 99 WI
QSO: 28498 PH 2013-11-16 2140 WL7BDO     0037 U 74 AK  N3OC       0047 M 73 MDC
QSO: 28491 PH 2013-11-16 2141 WL7BDO     0038 U 74 AK  K3WW       0080 U 59 EPA
QSO: 28468 PH 2013-11-16 2142 WL7BDO     0039 U 74 AK  NA4K       0057 A 67 TN
QSO: 28617 PH 2013-11-16 2149 WL7BDO     0040 U 74 AK  K1VO       0012 U 62 NH
QSO: 28617 PH 2013-11-16 2150 WL7BDO     0041 U 74 AK  W0VD       0023 A 59 MO
QSO: 28617 PH 2013-11-16 2150 WL7BDO     0042 U 74 AK  W6JK       0027 A 70 LAX
QSO: 28617 PH 2013-11-16 2151 WL7BDO     0043 U 74 AK  N8DP       0030 B 72 MI
QSO: 28617 PH 2013-11-16 2151 WL7BDO     0044 U 74 AK  KA7EMS     0009 U 97 OR
QSO: 28617 PH 2013-11-16 2152 WL7BDO     0045 U 74 AK  W2GPS      0018 U 67 MDC
QSO: 28617 PH 2013-11-16 2152 WL7BDO     0046 U 74 AK  K4FAC      0003 A 59 SFL
QSO: 28617 PH 2013-11-16 2153 WL7BDO     0047 U 74 AK  N4JF       0016 Q 55 AL
QSO: 28617 PH 2013-11-16 2154 WL7BDO     0048 U 74 AK  KC0DAS     0024 A 97 SD
QSO: 28617 PH 2013-11-16 2154 WL7BDO     0049 U 74 AK  N9EAX      0028 A 77 WI
QSO: 28617 PH 2013-11-16 2155 WL7BDO     0050 U 74 AK  KG6MC      0016 B 60 SC
QSO: 28617 PH 2013-11-16 2155 WL7BDO     0051 U 74 AK  AB2TC      0014 A 68 WNY
QSO: 28617 PH 2013-11-16 2156 WL7BDO     0052 U 74 AK  N2PN       0013 A 68 NLI
QSO: 28617 PH 2013-11-16 2156 WL7BDO     0053 U 74 AK  W1ZFG      0012 A 71 CT
QSO: 28617 PH 2013-11-16 2157 WL7BDO     0054 U 74 AK  N4KG       0021 U 55 AL
QSO: 28617 PH 2013-11-16 2157 WL7BDO     0055 U 74 AK  K9GAJ      0004 A 56 NM
QSO: 28617 PH 2013-11-16 2158 WL7BDO     0056 U 74 AK  KC7H       0011 A 04 EWA
QSO: 28617 PH 2013-11-16 2158 WL7BDO     0057 U 74 AK  W0HI       0019 A 57 OH
QSO: 28617 PH 2013-11-16 2159 WL7BDO     0058 U 74 AK  W0MR       0023 M 69 MN
QSO: 28617 PH 2013-11-16 2159 WL7BDO     0059 U 74 AK  N5WNG      0035 A 60 NTX
QSO: 28617 PH 2013-11-16 2200 WL7BDO     0060 U 74 AK  KC0ZVN     0008 A 07 AZ
QSO: 28617 PH 2013-11-16 2201 WL7BDO     0061 U 74 AK  KB7KYK     0009 U 90 WWA
QSO: 28617 PH 2013-11-16 2201 WL7BDO     0062 U 74 AK  N1GKX      0032 A 89 WMA
QSO: 28617 PH 2013-11-16 2202 WL7BDO     0063 U 74 AK  K9WIS      0026 B 71 WI
QSO: 28617 PH 2013-11-16 2203 WL7BDO     0064 U 74 AK  K3BYU      0014 A 09 WWA
QSO: 28617 PH 2013-11-16 2203 WL7BDO     0065 U 74 AK  VE7CLX     0016 A 12 BC
QSO: 28617 PH 2013-11-16 2205 WL7BDO     0066 U 74 AK  WB8TQZ     0021 A 75 MI
QSO: 28641 PH 2013-11-16 2208 WL7BDO     0067 U 74 AK  KL7AIR     0106 M 48 AK
QSO: 28588 PH 2013-11-16 2209 WL7BDO     0068 U 74 AK  K8TE       0084 A 60 CO
QSO: 28314 PH 2013-11-16 2211 WL7BDO     0069 U 74 AK  K7JA       0148 A 63 ORG
QSO: 28317 PH 2013-11-16 2212 WL7BDO     0070 U 74 AK  VE7CC      0145 B 62 BC
QSO: 28327 PH 2013-11-16 2214 WL7BDO     0071 U 74 AK  N2BJ       0116 U 61 IL
QSO: 28388 PH 2013-11-16 2220 WL7BDO     0072 U 74 AK  K0HC       0145 S 97 KS
QSO: 28425 PH 2013-11-16 2222 WL7BDO     0073 U 74 AK  WB1GQR     0142 U 69 VT
QSO: 21285 PH 2013-11-16 2228 WL7BDO     0074 U 74 AK  VE5RI      0171 M 75 SK
QSO: 21215 PH 2013-11-16 2231 WL7BDO     0075 U 74 AK  VE6EX      0183 U 58 AB
QSO: 28514 PH 2013-11-16 2241 WL7BDO     0076 U 74 AK  WZ8T       0092 A 89 MI
QSO: 28511 PH 2013-11-16 2243 WL7BDO     0077 U 74 AK  AF1T       0148 B 64 NH
QSO: 28521 PH 2013-11-16 2244 WL7BDO     0078 U 74 AK  WA7PRC     0067 A 70 WWA
QSO: 28529 PH 2013-11-16 2248 WL7BDO     0079 U 74 AK  KH6CJJ     0082 A 57 PAC
QSO: 28517 PH 2013-11-16 2251 WL7BDO     0080 U 74 AK  WO9Z       0074 B 65 IN
QSO: 28493 PH 2013-11-16 2253 WL7BDO     0081 U 74 AK  NW0M       0123 U 77 MO
QSO: 28490 PH 2013-11-16 2254 WL7BDO     0082 U 74 AK  W9ROG      0118 A 96 WI
QSO: 28424 PH 2013-11-16 2258 WL7BDO     0083 U 74 AK  K5WA       0158 B 65 NTX
QSO: 28414 PH 2013-11-16 2301 WL7BDO     0084 U 74 AK  KS5Z       0152 M 79 WTX
QSO: 28392 PH 2013-11-16 2303 WL7BDO     0085 U 74 AK  N2IC       0299 B 68 NM
QSO: 28609 PH 2013-11-16 2307 WL7BDO     0086 U 74 AK  AA0FO      0045 A 71 KS
QSO: 28580 PH 2013-11-16 2309 WL7BDO     0087 U 74 AK  K2PO       0226 A 71 OR
QSO: 28532 PH 2013-11-16 2311 WL7BDO     0088 U 74 AK  KT4ZB      0024 U 96 GA
QSO: 28532 PH 2013-11-16 2312 WL7BDO     0089 U 74 AK  KF6I       0028 U 74 ORG
QSO: 28532 PH 2013-11-16 2312 WL7BDO     0090 U 74 AK  NA6MB      0026 U 76 SDG
QSO: 28532 PH 2013-11-16 2316 WL7BDO     0091 U 74 AK  K3FIV      0047 U 63 SF
QSO: 28532 PH 2013-11-16 2317 WL7BDO     0092 U 74 AK  WA0JZK     0042 U 64 MO
QSO: 28532 PH 2013-11-16 2317 WL7BDO     0093 U 74 AK  W7CAR      0010 A 87 OR
QSO: 28532 PH 2013-11-16 2318 WL7BDO     0094 U 74 AK  K6GB       0009 A 06 ORG
QSO: 28532 PH 2013-11-16 2318 WL7BDO     0095 U 74 AK  VE7CNW     0015 A 76 BC
QSO: 28532 PH 2013-11-16 2319 WL7BDO     0096 U 74 AK  K7LVJ      0109 B 60 WWA
QSO: 28532 PH 2013-11-16 2320 WL7BDO     0097 U 74 AK  K4JC       0034 A 78 SFL
QSO: 28532 PH 2013-11-16 2320 WL7BDO     0098 U 74 AK  AG6AY      0025 B 10 SB
QSO: 28532 PH 2013-11-16 2321 WL7BDO     0099 U 74 AK  WE6Z       0131 U 94 SV
QSO: 28532 PH 2013-11-16 2321 WL7BDO     0100 U 74 AK  W7PT       0041 Q 60 WWA
QSO: 28532 PH 2013-11-16 2322 WL7BDO     0101 U 74 AK  KK6FUT     0002 A 13 SB
QSO: 28532 PH 2013-11-16 2324 WL7BDO     0102 U 74 AK  KJ6NJL     0004 A 11 SDG
QSO: 28532 PH 2013-11-16 2325 WL7BDO     0103 U 74 AK  KI6LSB     0005 Q 07 ORG
QSO: 21437 PH 2013-11-16 2338 WL7BDO     0104 U 74 AK  WB4OMM     0076 U 71 NFL
QSO: 21384 PH 2013-11-16 2345 WL7BDO     0105 U 74 AK  WH7Z       0303 B 77 PAC
QSO: 21382 PH 2013-11-16 2346 WL7BDO     0106 U 74 AK  K3AJ       0127 M 67 MDC
QSO: 21345 PH 2013-11-16 2349 WL7BDO     0107 U 74 AK  WC6H       0362 B 71 SJV
QSO: 21251 PH 2013-11-16 2352 WL7BDO     0108 U 74 AK  VE4GV      0315 U 72 MB
QSO: 21410 PH 2013-11-16 2357 WL7BDO     0109 U 74 AK  NW6P       0166 B 57 SCV
QSO: 21416 PH 2013-11-17 0002 WL7BDO     0110 U 74 AK  N6TU       0145 U 69 SCV
QSO: 21400 PH 2013-11-17 0003 WL7BDO     0111 U 74 AK  K4EU       0217 B 64 VA
QSO: 21395 PH 2013-11-17 0006 WL7BDO     0112 U 74 AK  WP2Z       0529 M 58 VI
QSO: 21224 PH 2013-11-17 0011 WL7BDO     0113 U 74 AK  N6JS       0297 B 77 EB
QSO: 21316 PH 2013-11-17 0020 WL7BDO     0114 U 74 AK  K9DIG      0292 U 06 ND
QSO: 21392 PH 2013-11-17 0024 WL7BDO     0115 U 74 AK  AC8GX      0092 B 10 OH
QSO: 21348 PH 2013-11-17 0029 WL7BDO     0116 U 74 AK  NX1P       0271 B 66 OR
QSO: 14345 PH 2013-11-17 0043 WL7BDO     0117 U 74 AK  K9YC       0262 U 55 SCV
QSO: 21314 PH 2013-11-17 0057 WL7BDO     0118 U 74 AK  KG6MC      0059 B 60 SC
QSO: 21314 PH 2013-11-17 0059 WL7BDO     0119 U 74 AK  N7ORM      0019 A 08 WWA
QSO: 21314 PH 2013-11-17 0100 WL7BDO     0120 U 74 AK  W5GFI      0118 A 63 OK
QSO: 21314 PH 2013-11-17 0102 WL7BDO     0121 U 74 AK  KD0FW      0110 U 78 MO
QSO: 21289 PH 2013-11-17 0107 WL7BDO     0122 U 74 AK  WD5R       0160 B 85 AR
QSO: 21317 PH 2013-11-17 0111 WL7BDO     0123 U 74 AK  AB4EJ      0093 U 65 AL
QSO: 21333 PH 2013-11-17 0113 WL7BDO     0124 U 74 AK  K0LUZ      0115 U 57 NFL
QSO: 14278 PH 2013-11-17 0128 WL7BDO     0125 U 74 AK  VY2ZM      0562 B 55 MAR
QSO: 14347 PH 2013-11-17 0202 WL7BDO     0126 U 74 AK  W6YX       0402 S 24 SCV
QSO: 14265 PH 2013-11-17 0208 WL7BDO     0127 U 74 AK  W0NO       0580 M 99 KS
QSO: 14257 PH 2013-11-17 0213 WL7BDO     0128 U 74 AK  W0SD       0779 M 62 SD
QSO: 14304 PH 2013-11-17 0218 WL7BDO     0129 U 74 AK  W1AW       0364 A 38 CT
QSO: 14253 PH 2013-11-17 0226 WL7BDO     0130 U 74 AK  W7RN       0599 U 59 NV
QSO: 14256 PH 2013-11-17 0232 WL7BDO     0131 U 74 AK  W7WA       0739 B 70 WWA
QSO: 14185 PH 2013-11-17 0259 WL7BDO     0132 U 74 AK  AA9A       0583 B 69 WI
QSO: 14261 PH 2013-11-17 0302 WL7BDO     0133 U 74 AK  W6SX       0241 B 56 SJV
QSO: 14263 PH 2013-11-17 0304 WL7BDO     0134 U 74 AK  W7GKF      0470 B 52 WWA
QSO: 14246 PH 2013-11-17 0312 WL7BDO     0135 U 74 AK  K7DNH      0096 A 08 NV
QSO: 14268 PH 2013-11-17 0314 WL7BDO     0136 U 74 AK  K0AU       0141 A 72 SCV
QSO: 14245 PH 2013-11-17 0320 WL7BDO     0137 U 74 AK  AE6Y       0501 B 58 SCV
QSO: 07160 PH 2013-11-17 0622 WL7BDO     0138 U 74 AK  KL7RA      0945 M 73 AK
QSO: 28550 PH 2013-11-17 1808 WL7BDO     0139 U 74 AK  VE2HIT     0551 A 90 QC
QSO: 28463 PH 2013-11-17 1820 WL7BDO     0140 U 74 AK  VA3TIC     0255 A 11 ONE
QSO: 28322 PH 2013-11-17 1822 WL7BDO     0141 U 74 AK  WA8ZBT     0352 A 67 WTX
QSO: 21206 PH 2013-11-17 1834 WL7BDO     0142 U 74 AK  K7CF       0933 B 60 ID
QSO: 21219 PH 2013-11-17 1835 WL7BDO     0143 U 74 AK  NW8U       0848 M 69 WV
QSO: 28362 PH 2013-11-17 1851 WL7BDO     0144 U 74 AK  AE1P       0607 A 03 NH
QSO: 28364 PH 2013-11-17 1851 WL7BDO     0145 U 74 AK  K4AB       0038 B 73 AL
QSO: 28370 PH 2013-11-17 1900 WL7BDO     0146 U 74 AK  VA3ZLT     0099 A 11 GTA
QSO: 28392 PH 2013-11-17 1904 WL7BDO     0147 U 74 AK  N9RV       1199 B 67 MT
QSO: 21209 PH 2013-11-17 1910 WL7BDO     0148 U 74 AK  N3MK       0516 U 76 VA
QSO: 21425 PH 2013-11-17 1917 WL7BDO     0149 U 74 AK  N0BUI      0350 U 63 MN
QSO: 21434 PH 2013-11-17 1917 WL7BDO     0150 U 74 AK  NX9T       0541 B 85 NC
QSO: 21248 PH 2013-11-17 1920 WL7BDO     0151 U 74 AK  W3IDT      1171 U 57 MDC
QSO: 28326 PH 2013-11-17 1925 WL7BDO     0152 U 74 AK  NA5NN      0644 M 10 MS
QSO: 28337 PH 2013-11-17 1927 WL7BDO     0153 U 74 AK  N0KK       1241 U 77 MN
QSO: 28340 PH 2013-11-17 1927 WL7BDO     0154 U 74 AK  W2VQ       0861 U 73 NNJ
QSO: 28347 PH 2013-11-17 1929 WL7BDO     0155 U 74 AK  N4KH       0379 U 74 AL
QSO: 28374 PH 2013-11-17 1930 WL7BDO     0156 U 74 AK  K6LL       1467 U 59 AZ
QSO: 28463 PH 2013-11-17 1936 WL7BDO     0157 U 74 AK  K1LZ       0075 B 69 EMA
QSO: 28465 PH 2013-11-17 1937 WL7BDO     0158 U 74 AK  KK5LO      0188 U 92 STX
QSO: 28481 PH 2013-11-17 1939 WL7BDO     0159 U 74 AK  K5RT       1410 U 72 NTX
QSO: 28541 PH 2013-11-17 1942 WL7BDO     0160 U 74 AK  K9BGL      1080 B 55 IL
QSO: 28549 PH 2013-11-17 1943 WL7BDO     0161 U 74 AK  K1SD       0471 A 92 RI
QSO: 28557 PH 2013-11-17 1945 WL7BDO     0162 U 74 AK  W1FYO      0010 A 57 VT
QSO: 28557 PH 2013-11-17 1946 WL7BDO     0163 U 74 AK  KA7RRA     0100 A 88 WWA
QSO: 28557 PH 2013-11-17 1948 WL7BDO     0164 U 74 AK  VE3SGB     0325 M 69 ONS
QSO: 21266 PH 2013-11-17 1950 WL7BDO     0165 U 74 AK  WY7SS      0971 B 09 WY
QSO: 21393 PH 2013-11-17 1952 WL7BDO     0166 U 74 AK  NR3X       0442 B 89 NC
QSO: 21315 PH 2013-11-17 1957 WL7BDO     0167 U 74 AK  K3ZJ       1036 B 65 WV
QSO: 28391 PH 2013-11-17 2010 WL7BDO     0168 U 74 AK  N1RR       1642 M 77 WMA
QSO: 28557 PH 2013-11-17 2016 WL7BDO     0169 U 74 AK  W9SE       0094 B 52 IL
QSO: 28421 PH 2013-11-17 2021 WL7BDO     0170 U 74 AK  NR0T       0029 A 69 MN
QSO: 28421 PH 2013-11-17 2021 WL7BDO     0171 U 74 AK  K0UK       0866 U 60 CO
QSO: 28421 PH 2013-11-17 2022 WL7BDO     0172 U 74 AK  KF6ESD     0050 B 96 LAX
QSO: 28421 PH 2013-11-17 2022 WL7BDO     0173 U 74 AK  KD0QEA     0187 A 11 MN
QSO: 28421 PH 2013-11-17 2023 WL7BDO     0174 U 74 AK  K6NR       0251 U 69 ORG
QSO: 28421 PH 2013-11-17 2023 WL7BDO     0175 U 74 AK  WE9V       1589 U 87 WI
QSO: 28421 PH 2013-11-17 2025 WL7BDO     0176 U 74 AK  WB2KXC     0062 Q 63 LAX
QSO: 28421 PH 2013-11-17 2025 WL7BDO     0177 U 74 AK  KC0DAS     0067 A 97 SD
QSO: 28421 PH 2013-11-17 2026 WL7BDO     0178 U 74 AK  N7WY       0332 A 61 MO
QSO: 28421 PH 2013-11-17 2026 WL7BDO     0179 U 74 AK  K1ZZI      0778 U 62 GA
QSO: 28421 PH 2013-11-17 2027 WL7BDO     0180 U 74 AK  WQ5O       0096 B 78 OK
QSO: 28421 PH 2013-11-17 2027 WL7BDO     0181 U 74 AK  WM8W       0089 A 79 OH
QSO: 28421 PH 2013-11-17 2028 WL7BDO     0182 U 74 AK  KK7KTG     0133 B 58 WWA
QSO: 28421 PH 2013-11-17 2028 WL7BDO     0183 U 74 AK  K5LLA      0879 U 58 STX
QSO: 28421 PH 2013-11-17 2029 WL7BDO     0184 U 74 AK  AB0RE      0338 A 98 MN
QSO: 28421 PH 2013-11-17 2029 WL7BDO     0185 U 74 AK  WN1G       0379 M 89 AL
QSO: 28421 PH 2013-11-17 2030 WL7BDO     0186 U 74 AK  KA8G       0050 A 72 OH
QSO: 28421 PH 2013-11-17 2031 WL7BDO     0187 U 74 AK  K0CQH      0006 Q 60 IA
QSO: 28421 PH 2013-11-17 2031 WL7BDO     0188 U 74 AK  W6SAN      0090 A 70 SDG
QSO: 28421 PH 2013-11-17 2033 WL7BDO     0189 U 74 AK  VE7IGQ     0001 A 92 BC
QSO: 28421 PH 2013-11-17 2033 WL7BDO     0190 U 74 AK  WB3JKQ     0077 A 65 TN
QSO: 28421 PH 2013-11-17 2034 WL7BDO     0191 U 74 AK  NX6T       1664 M 00 SDG
QSO: 21232 PH 2013-11-17 2038 WL7BDO     0192 U 74 AK  W2GDJ      0984 U 66 ENY
QSO: 21241 PH 2013-11-17 2039 WL7BDO     0193 U 74 AK  KM2O       0776 B 98 ENY
QSO: 21251 PH 2013-11-17 2041 WL7BDO     0194 U 74 AK  WC2W       1003 B 71 ENY
QSO: 21297 PH 2013-11-17 2045 WL7BDO     0195 U 74 AK  K0HB       0978 B 63 MN
QSO: 28331 PH 2013-11-17 2101 WL7BDO     0196 U 74 AK  N1CC       0688 A 66 NTX
QSO: 28331 PH 2013-11-17 2102 WL7BDO     0197 U 74 AK  KF7QNL     0115 B 11 EWA
QSO: 28331 PH 2013-11-17 2103 WL7BDO     0198 U 74 AK  W5IV       0154 A 76 NM
QSO: 28331 PH 2013-11-17 2104 WL7BDO     0199 U 74 AK  W6CYK      0003 A 46 ORG
QSO: 28331 PH 2013-11-17 2104 WL7BDO     0200 U 74 AK  KD5LNO     0684 A 00 LA
QSO: 28331 PH 2013-11-17 2105 WL7BDO     0201 U 74 AK  K4OV       1447 M 78 NC
QSO: 28331 PH 2013-11-17 2105 WL7BDO     0202 U 74 AK  K6MUG      0121 A 05 LAX
QSO: 28331 PH 2013-11-17 2106 WL7BDO     0203 U 74 AK  N0LJD      0113 A 89 NE
QSO: 28331 PH 2013-11-17 2107 WL7BDO     0204 U 74 AK  K7XH       0032 A 77 WWA
QSO: 28331 PH 2013-11-17 2109 WL7BDO     0205 U 74 AK  WD7K       0245 B 68 EWA
QSO: 28331 PH 2013-11-17 2110 WL7BDO     0206 U 74 AK  AA6WH      0089 B 11 SB
QSO: 28331 PH 2013-11-17 2110 WL7BDO     0207 U 74 AK  W5GG       0019 A 58 LA
QSO: 28331 PH 2013-11-17 2111 WL7BDO     0208 U 74 AK  N1XIH/7    0140 Q 96 UT
QSO: 28331 PH 2013-11-17 2113 WL7BDO     0209 U 74 AK  KI7PY      0001 A 91 WWA
QSO: 28331 PH 2013-11-17 2114 WL7BDO     0210 U 74 AK  KJ4NUV     0009 A 09 SFL
QSO: 28331 PH 2013-11-17 2115 WL7BDO     0211 U 74 AK  WM4DE      0134 A 11 NFL
QSO: 28331 PH 2013-11-17 2116 WL7BDO     0212 U 74 AK  KJ6WDV     0035 A 12 SDG
QSO: 28331 PH 2013-11-17 2117 WL7BDO     0213 U 74 AK  KR7DX      0100 A 82 AZ
QSO: 28331 PH 2013-11-17 2117 WL7BDO     0214 U 74 AK  KF7FK      0021 A 09 WWA
QSO: 28331 PH 2013-11-17 2119 WL7BDO     0215 U 74 AK  N0AJN      0033 U 10 CO
QSO: 28331 PH 2013-11-17 2120 WL7BDO     0216 U 74 AK  N3ZRR      0007 A 07 WTX
QSO: 28331 PH 2013-11-17 2131 WL7BDO     0217 U 74 AK  WR5J       0343 A 81 WWA
QSO: 28331 PH 2013-11-17 2131 WL7BDO     0218 U 74 AK  N1UW       0003 B 66 MN
QSO: 28331 PH 2013-11-17 2133 WL7BDO     0219 U 74 AK  NR5M       1675 B 66 STX
QSO: 28331 PH 2013-11-17 2134 WL7BDO     0220 U 74 AK  N0HJZ      0526 M 88 MN
QSO: 28331 PH 2013-11-17 2135 WL7BDO     0221 U 74 AK  KJ5RM      0372 Q 91 NTX
QSO: 28331 PH 2013-11-17 2135 WL7BDO     0222 U 74 AK  WA0CSL     0273 M 62 ND
QSO: 28331 PH 2013-11-17 2136 WL7BDO     0223 U 74 AK  AF5P       0120 B 88 LA
QSO: 28331 PH 2013-11-17 2136 WL7BDO     0224 U 74 AK  KC9TVG     0025 A 11 WI
QSO: 28331 PH 2013-11-17 2137 WL7BDO     0225 U 74 AK  KX1X       0481 A 97 WMA
QSO: 28331 PH 2013-11-17 2138 WL7BDO     0226 U 74 AK  W0PE       0005 A 73 ORG
QSO: 28331 PH 2013-11-17 2138 WL7BDO     0227 U 74 AK  K0JJR      0278 B 02 MN
QSO: 28331 PH 2013-11-17 2139 WL7BDO     0228 U 74 AK  KD7YDL     0080 A 03 WWA
QSO: 28396 PH 2013-11-17 2141 WL7BDO     0229 U 74 AK  VE8EV      1239 U 93 NT
QSO: 28331 PH 2013-11-17 2143 WL7BDO     0230 U 74 AK  K1TR       0144 A 71 NH
QSO: 21213 PH 2013-11-17 2145 WL7BDO     0231 U 74 AK  W4NF       1127 U 75 VA
QSO: 21408 PH 2013-11-17 2150 WL7BDO     0232 U 74 AK  K1KD       1525 U 86 MN
QSO: 21319 PH 2013-11-17 2155 WL7BDO     0233 U 74 AK  K7RI       1348 B 62 WWA
QSO: 21301 PH 2013-11-17 2157 WL7BDO     0234 U 74 AK  W4LT       1399 A 76 WCF
QSO: 21281 PH 2013-11-17 2159 WL7BDO     0235 U 74 AK  W4RM       1266 B 76 VA
QSO: 28327 PH 2013-11-17 2202 WL7BDO     0236 U 74 AK  W0NFS      0109 A 61 MO
QSO: 28327 PH 2013-11-17 2203 WL7BDO     0237 U 74 AK  KF7NRW     0093 B 11 WWA
QSO: 28327 PH 2013-11-17 2203 WL7BDO     0238 U 74 AK  N5ZC       1309 U 79 WTX
QSO: 28327 PH 2013-11-17 2204 WL7BDO     0239 U 74 AK  WB7BBQ     0190 B 75 WWA
QSO: 28327 PH 2013-11-17 2205 WL7BDO     0240 U 74 AK  KD0B       0074 A 75 MN
QSO: 28328 PH 2013-11-17 2210 WL7BDO     0241 U 74 AK  KW4B       0087 U 78 GA
QSO: 28328 PH 2013-11-17 2212 WL7BDO     0242 U 74 AK  K0RGR      0204 Q 65 MN
QSO: 28328 PH 2013-11-17 2213 WL7BDO     0243 U 74 AK  AL1VE      0188 A 64 WWA
QSO: 28328 PH 2013-11-17 2213 WL7BDO     0244 U 74 AK  W9MSL      0038 A 57 IL
QSO: 28328 PH 2013-11-17 2214 WL7BDO     0245 U 74 AK  NF8M       0060 A 68 MI
QSO: 28328 PH 2013-11-17 2215 WL7BDO     0246 U 74 AK  K4AVF      0020 B 54 VA
QSO: 28328 PH 2013-11-17 2216 WL7BDO     0247 U 74 AK  KB0QGT     0572 A 05 KS
QSO: 28328 PH 2013-11-17 2217 WL7BDO     0248 U 74 AK  WA6MM      0141 B 70 CO
QSO: 28328 PH 2013-11-17 2219 WL7BDO     0249 U 74 AK  KC9NSA     0018 A 05 IL
QSO: 28328 PH 2013-11-17 2220 WL7BDO     0250 U 74 AK  N6EE       0676 U 55 SJV
QSO: 28328 PH 2013-11-17 2221 WL7BDO     0251 U 74 AK  N2NC       0704 B 79 NNJ
QSO: 28328 PH 2013-11-17 2221 WL7BDO     0252 U 74 AK  WB0M       0639 U 72 MN
QSO: 28328 PH 2013-11-17 2222 WL7BDO     0253 U 74 AK  K4AMQ89    0187 A 11 TN
QSO: 28328 PH 2013-11-17 2223 WL7BDO     0254 U 74 AK  KE7LWW     0124 B 07 WWA
QSO: 28328 PH 2013-11-17 2223 WL7BDO     0255 U 74 AK  N3XF       0201 B 65 WPA
QSO: 28328 PH 2013-11-17 2224 WL7BDO     0256 U 74 AK  KA0ZPP     0230 A 87 NM
QSO: 28328 PH 2013-11-17 2224 WL7BDO     0257 U 74 AK  N1GKX      0266 A 89 WMA
QSO: 28328 PH 2013-11-17 2225 WL7BDO     0258 U 74 AK  KB8ESY     0063 A 88 WCF
QSO: 28328 PH 2013-11-17 2226 WL7BDO     0259 U 74 AK  K0KX       0161 U 70 MN
QSO: 28328 PH 2013-11-17 2226 WL7BDO     0260 U 74 AK  WA8RQU     0117 A 65 MI
QSO: 28328 PH 2013-11-17 2227 WL7BDO     0261 U 74 AK  KC8YVP     0130 B 03 OH
QSO: 28328 PH 2013-11-17 2227 WL7BDO     0262 U 74 AK  KG5RJ      0115 A 77 NTX
QSO: 28328 PH 2013-11-17 2228 WL7BDO     0263 U 74 AK  KD8CJ      0007 B 08 OH
QSO: 28328 PH 2013-11-17 2229 WL7BDO     0264 U 74 AK  W9GD       0202 A 57 IL
QSO: 28328 PH 2013-11-17 2230 WL7BDO     0265 U 74 AK  N5UWY      0247 A 91 OK
QSO: 28328 PH 2013-11-17 2231 WL7BDO     0266 U 74 AK  W7OM       0369 U 49 WWA
QSO: 28328 PH 2013-11-17 2232 WL7BDO     0267 U 74 AK  KB7IUV     0009 A 81 AZ
QSO: 28328 PH 2013-11-17 2233 WL7BDO     0268 U 74 AK  K0DEQ      0686 B 55 MO
QSO: 28328 PH 2013-11-17 2233 WL7BDO     0269 U 74 AK  K0VIZ      0045 A 59 OR
QSO: 28328 PH 2013-11-17 2235 WL7BDO     0270 U 74 AK  AA8JL      0273 A 92 MI
QSO: 28328 PH 2013-11-17 2235 WL7BDO     0271 U 74 AK  N6WIN      0238 U 89 ORG
QSO: 28328 PH 2013-11-17 2236 WL7BDO     0272 U 74 AK  W0NZG      0011 A 59 MO
QSO: 28328 PH 2013-11-17 2237 WL7BDO     0273 U 74 AK  N5EE       0284 Q 71 AR
QSO: 28328 PH 2013-11-17 2238 WL7BDO     0274 U 74 AK  WB5JC      0238 U 09 NTX
QSO: 21209 PH 2013-11-17 2241 WL7BDO     0275 U 74 AK  K1JB       0477 B 54 ME
QSO: 28481 PH 2013-11-17 2249 WL7BDO     0276 U 74 AK  KL2HD      0655 U 07 AK
QSO: 28344 PH 2013-11-17 2254 WL7BDO     0277 U 74 AK  K0AE       0230 A 65 CO
QSO: 28344 PH 2013-11-17 2255 WL7BDO     0278 U 74 AK  KC0FCL     0089 A 97 KS
QSO: 28344 PH 2013-11-17 2256 WL7BDO     0279 U 74 AK  NN7SS      0535 Q 05 WWA
QSO: 28344 PH 2013-11-17 2257 WL7BDO     0280 U 74 AK  K9QJS      0123 B 11 WWA
QSO: 21223 PH 2013-11-17 2301 WL7BDO     0281 U 74 AK  W1SRD      1441 U 74 SV
QSO: 21293 PH 2013-11-17 2305 WL7BDO     0282 U 74 AK  WA6ZTY     0631 B 61 SJV
QSO: 21258 PH 2013-11-17 2307 WL7BDO     0283 U 74 AK  ND4Y       0530 A 78 KY
QSO: 21216 PH 2013-11-17 2309 WL7BDO     0284 U 74 AK  N3QE       0760 M 78 MDC
QSO: 21320 PH 2013-11-17 2318 WL7BDO     0285 U 74 AK  W4UAL      0393 S 62 AL
QSO: 28409 PH 2013-11-17 2326 WL7BDO     0286 U 74 AK  K7RL       1807 B 84 WWA
QSO: 28394 PH 2013-11-17 2329 WL7BDO     0287 U 74 AK  W7ZZ       0488 A 64 WWA
QSO: 28394 PH 2013-11-17 2329 WL7BDO     0288 U 74 AK  K5KJ       0109 Q 66 NTX
QSO: 28394 PH 2013-11-17 2332 WL7BDO     0289 U 74 AK  WA0RKQ     0193 A 67 KS
QSO: 28394 PH 2013-11-17 2333 WL7BDO     0290 U 74 AK  KC7IEC     0017 A 94 EWA
QSO: 28394 PH 2013-11-17 2334 WL7BDO     0291 U 74 AK  K5LAD      0309 B 57 OK
QSO: 28394 PH 2013-11-17 2336 WL7BDO     0292 U 74 AK  AE7QM      0025 A 02 OR
QSO: 28394 PH 2013-11-17 2337 WL7BDO     0293 U 74 AK  W7MCM      0121 U 10 EWA
QSO: 28394 PH 2013-11-17 2337 WL7BDO     0294 U 74 AK  N7EPD      0003 B 78 WWA
QSO: 28394 PH 2013-11-17 2338 WL7BDO     0295 U 74 AK  K7HP       0125 B 51 AZ
QSO: 28394 PH 2013-11-17 2338 WL7BDO     0296 U 74 AK  WV0BEN     0006 B 12 CO
QSO: 28394 PH 2013-11-17 2340 WL7BDO     0297 U 74 AK  AF5JG      0049 A 12 LA
QSO: 28394 PH 2013-11-17 2342 WL7BDO     0298 U 74 AK  KC0PRJ     0005 A 01 CO
QSO: 28394 PH 2013-11-17 2342 WL7BDO     0299 U 74 AK  N3MRA      0068 A 92 NM
QSO: 14290 PH 2013-11-17 2358 WL7BDO     0300 U 74 AK  W1QK       0727 M 73 CT
QSO: 14346 PH 2013-11-18 0007 WL7BDO     0301 U 74 AK  NY3A       0834 U 73 EPA
QSO: 14344 PH 2013-11-18 0007 WL7BDO     0302 U 74 AK  K4JPD      1631 B 59 GA
QSO: 14297 PH 2013-11-18 0011 WL7BDO     0303 U 74 AK  N3RC       0614 U 57 MT
QSO: 14165 PH 2013-11-18 0036 WL7BDO     0304 U 74 AK  KC4HW      0831 B 78 AL
QSO: 14172 PH 2013-11-18 0037 WL7BDO     0305 U 74 AK  K4TD       0489 U 69 AL
QSO: 14198 PH 2013-11-18 0154 WL7BDO     0306 U 74 AK  NU1O       0162 U 88 WMA
QSO: 14164 PH 2013-11-18 0158 WL7BDO     0307 U 74 AK  W4MR       1664 U 76 NC
QSO: 14247 PH 2013-11-18 0232 WL7BDO     0308 U 74 AK  VE7CKZ     0142 A 90 BC
END-OF-LOG:
